2024-09-05 17:23:33,237 [Worker-8: Loading available Gradle versions] INFO  o.e.b.c.i.u.g.PublishedGradleVersions - Gradle version information cache is out-of-date. Trying to update.
2024-09-05 17:25:41,746 [ModalContext] INFO  o.e.m.c.i.e.AbstractTransferListenerAdapter - Downloading https://repo.maven.apache.org/maven2/com/dominikcebula/archetypes/java17-basic-archetype/1.1/java17-basic-archetype-1.1.pom
2024-09-05 17:25:41,792 [ModalContext] INFO  o.e.m.c.i.e.AbstractTransferListenerAdapter - Downloaded https://repo.maven.apache.org/maven2/com/dominikcebula/archetypes/java17-basic-archetype/1.1/java17-basic-archetype-1.1.pom
2024-09-05 17:25:42,212 [ModalContext] INFO  o.e.m.c.i.e.AbstractTransferListenerAdapter - Downloading https://repo.maven.apache.org/maven2/com/dominikcebula/archetypes/java17-basic-archetype/1.1/java17-basic-archetype-1.1.jar
2024-09-05 17:25:42,275 [ModalContext] INFO  o.e.m.c.i.e.AbstractTransferListenerAdapter - Downloaded https://repo.maven.apache.org/maven2/com/dominikcebula/archetypes/java17-basic-archetype/1.1/java17-basic-archetype-1.1.jar
2024-09-05 17:25:56,457 [Worker-2: Launching mavenrun-e3dc147a-5af6-416a-9923-1ffcd666ad8e] INFO  o.eclipse.m2e.core.internal.Bundles - getClasspathEntries(Bundle=org.eclipse.m2e.maven.runtime_3.9.600.20231203-1234 [637])
2024-09-05 17:25:56,460 [Worker-2: Launching mavenrun-e3dc147a-5af6-416a-9923-1ffcd666ad8e] INFO  o.eclipse.m2e.core.internal.Bundles - 	Entry: C:\Users\HF\.p2\pool\plugins\org.eclipse.m2e.maven.runtime_3.9.600.20231203-1234
2024-09-05 17:25:56,461 [Worker-2: Launching mavenrun-e3dc147a-5af6-416a-9923-1ffcd666ad8e] INFO  o.eclipse.m2e.core.internal.Bundles - 	Entry: C:\Users\HF\.p2\pool\plugins\org.eclipse.m2e.maven.runtime_3.9.600.20231203-1234\jars\aopalliance-1.0.jar
2024-09-05 17:25:56,461 [Worker-2: Launching mavenrun-e3dc147a-5af6-416a-9923-1ffcd666ad8e] INFO  o.eclipse.m2e.core.internal.Bundles - 	Entry: C:\Users\HF\.p2\pool\plugins\org.eclipse.m2e.maven.runtime_3.9.600.20231203-1234\jars\guice-5.1.0.jar
2024-09-05 17:25:56,461 [Worker-2: Launching mavenrun-e3dc147a-5af6-416a-9923-1ffcd666ad8e] INFO  o.eclipse.m2e.core.internal.Bundles - 	Entry: C:\Users\HF\.p2\pool\plugins\org.eclipse.m2e.maven.runtime_3.9.600.20231203-1234\jars\httpclient-4.5.14.jar
2024-09-05 17:25:56,461 [Worker-2: Launching mavenrun-e3dc147a-5af6-416a-9923-1ffcd666ad8e] INFO  o.eclipse.m2e.core.internal.Bundles - 	Entry: C:\Users\HF\.p2\pool\plugins\org.eclipse.m2e.maven.runtime_3.9.600.20231203-1234\jars\httpcore-4.4.16.jar
2024-09-05 17:25:56,461 [Worker-2: Launching mavenrun-e3dc147a-5af6-416a-9923-1ffcd666ad8e] INFO  o.eclipse.m2e.core.internal.Bundles - 	Entry: C:\Users\HF\.p2\pool\plugins\org.eclipse.m2e.maven.runtime_3.9.600.20231203-1234\jars\jansi-2.4.0.jar
2024-09-05 17:25:56,461 [Worker-2: Launching mavenrun-e3dc147a-5af6-416a-9923-1ffcd666ad8e] INFO  o.eclipse.m2e.core.internal.Bundles - 	Entry: C:\Users\HF\.p2\pool\plugins\org.eclipse.m2e.maven.runtime_3.9.600.20231203-1234\jars\jcl-over-slf4j-1.7.36.jar
2024-09-05 17:25:56,461 [Worker-2: Launching mavenrun-e3dc147a-5af6-416a-9923-1ffcd666ad8e] INFO  o.eclipse.m2e.core.internal.Bundles - 	Entry: C:\Users\HF\.p2\pool\plugins\org.eclipse.m2e.maven.runtime_3.9.600.20231203-1234\jars\maven-artifact-3.9.6.jar
2024-09-05 17:25:56,462 [Worker-2: Launching mavenrun-e3dc147a-5af6-416a-9923-1ffcd666ad8e] INFO  o.eclipse.m2e.core.internal.Bundles - 	Entry: C:\Users\HF\.p2\pool\plugins\org.eclipse.m2e.maven.runtime_3.9.600.20231203-1234\jars\maven-builder-support-3.9.6.jar
2024-09-05 17:25:56,462 [Worker-2: Launching mavenrun-e3dc147a-5af6-416a-9923-1ffcd666ad8e] INFO  o.eclipse.m2e.core.internal.Bundles - 	Entry: C:\Users\HF\.p2\pool\plugins\org.eclipse.m2e.maven.runtime_3.9.600.20231203-1234\jars\maven-compat-3.9.6.jar
2024-09-05 17:25:56,462 [Worker-2: Launching mavenrun-e3dc147a-5af6-416a-9923-1ffcd666ad8e] INFO  o.eclipse.m2e.core.internal.Bundles - 	Entry: C:\Users\HF\.p2\pool\plugins\org.eclipse.m2e.maven.runtime_3.9.600.20231203-1234\jars\maven-core-3.9.6.jar
2024-09-05 17:25:56,462 [Worker-2: Launching mavenrun-e3dc147a-5af6-416a-9923-1ffcd666ad8e] INFO  o.eclipse.m2e.core.internal.Bundles - 	Entry: C:\Users\HF\.p2\pool\plugins\org.eclipse.m2e.maven.runtime_3.9.600.20231203-1234\jars\maven-embedder-3.9.6.jar
2024-09-05 17:25:56,462 [Worker-2: Launching mavenrun-e3dc147a-5af6-416a-9923-1ffcd666ad8e] INFO  o.eclipse.m2e.core.internal.Bundles - 	Entry: C:\Users\HF\.p2\pool\plugins\org.eclipse.m2e.maven.runtime_3.9.600.20231203-1234\jars\maven-model-3.9.6.jar
2024-09-05 17:25:56,463 [Worker-2: Launching mavenrun-e3dc147a-5af6-416a-9923-1ffcd666ad8e] INFO  o.eclipse.m2e.core.internal.Bundles - 	Entry: C:\Users\HF\.p2\pool\plugins\org.eclipse.m2e.maven.runtime_3.9.600.20231203-1234\jars\maven-model-builder-3.9.6.jar
2024-09-05 17:25:56,463 [Worker-2: Launching mavenrun-e3dc147a-5af6-416a-9923-1ffcd666ad8e] INFO  o.eclipse.m2e.core.internal.Bundles - 	Entry: C:\Users\HF\.p2\pool\plugins\org.eclipse.m2e.maven.runtime_3.9.600.20231203-1234\jars\maven-plugin-api-3.9.6.jar
2024-09-05 17:25:56,463 [Worker-2: Launching mavenrun-e3dc147a-5af6-416a-9923-1ffcd666ad8e] INFO  o.eclipse.m2e.core.internal.Bundles - 	Entry: C:\Users\HF\.p2\pool\plugins\org.eclipse.m2e.maven.runtime_3.9.600.20231203-1234\jars\maven-repository-metadata-3.9.6.jar
2024-09-05 17:25:56,463 [Worker-2: Launching mavenrun-e3dc147a-5af6-416a-9923-1ffcd666ad8e] INFO  o.eclipse.m2e.core.internal.Bundles - 	Entry: C:\Users\HF\.p2\pool\plugins\org.eclipse.m2e.maven.runtime_3.9.600.20231203-1234\jars\maven-resolver-api-1.9.18.jar
2024-09-05 17:25:56,463 [Worker-2: Launching mavenrun-e3dc147a-5af6-416a-9923-1ffcd666ad8e] INFO  o.eclipse.m2e.core.internal.Bundles - 	Entry: C:\Users\HF\.p2\pool\plugins\org.eclipse.m2e.maven.runtime_3.9.600.20231203-1234\jars\maven-resolver-connector-basic-1.9.18.jar
2024-09-05 17:25:56,463 [Worker-2: Launching mavenrun-e3dc147a-5af6-416a-9923-1ffcd666ad8e] INFO  o.eclipse.m2e.core.internal.Bundles - 	Entry: C:\Users\HF\.p2\pool\plugins\org.eclipse.m2e.maven.runtime_3.9.600.20231203-1234\jars\maven-resolver-impl-1.9.18.jar
2024-09-05 17:25:56,464 [Worker-2: Launching mavenrun-e3dc147a-5af6-416a-9923-1ffcd666ad8e] INFO  o.eclipse.m2e.core.internal.Bundles - 	Entry: C:\Users\HF\.p2\pool\plugins\org.eclipse.m2e.maven.runtime_3.9.600.20231203-1234\jars\maven-resolver-named-locks-1.9.18.jar
2024-09-05 17:25:56,464 [Worker-2: Launching mavenrun-e3dc147a-5af6-416a-9923-1ffcd666ad8e] INFO  o.eclipse.m2e.core.internal.Bundles - 	Entry: C:\Users\HF\.p2\pool\plugins\org.eclipse.m2e.maven.runtime_3.9.600.20231203-1234\jars\maven-resolver-provider-3.9.6.jar
2024-09-05 17:25:56,464 [Worker-2: Launching mavenrun-e3dc147a-5af6-416a-9923-1ffcd666ad8e] INFO  o.eclipse.m2e.core.internal.Bundles - 	Entry: C:\Users\HF\.p2\pool\plugins\org.eclipse.m2e.maven.runtime_3.9.600.20231203-1234\jars\maven-resolver-spi-1.9.18.jar
2024-09-05 17:25:56,464 [Worker-2: Launching mavenrun-e3dc147a-5af6-416a-9923-1ffcd666ad8e] INFO  o.eclipse.m2e.core.internal.Bundles - 	Entry: C:\Users\HF\.p2\pool\plugins\org.eclipse.m2e.maven.runtime_3.9.600.20231203-1234\jars\maven-resolver-transport-file-1.9.18.jar
2024-09-05 17:25:56,464 [Worker-2: Launching mavenrun-e3dc147a-5af6-416a-9923-1ffcd666ad8e] INFO  o.eclipse.m2e.core.internal.Bundles - 	Entry: C:\Users\HF\.p2\pool\plugins\org.eclipse.m2e.maven.runtime_3.9.600.20231203-1234\jars\maven-resolver-transport-http-1.9.18.jar
2024-09-05 17:25:56,464 [Worker-2: Launching mavenrun-e3dc147a-5af6-416a-9923-1ffcd666ad8e] INFO  o.eclipse.m2e.core.internal.Bundles - 	Entry: C:\Users\HF\.p2\pool\plugins\org.eclipse.m2e.maven.runtime_3.9.600.20231203-1234\jars\maven-resolver-transport-wagon-1.9.18.jar
2024-09-05 17:25:56,464 [Worker-2: Launching mavenrun-e3dc147a-5af6-416a-9923-1ffcd666ad8e] INFO  o.eclipse.m2e.core.internal.Bundles - 	Entry: C:\Users\HF\.p2\pool\plugins\org.eclipse.m2e.maven.runtime_3.9.600.20231203-1234\jars\maven-resolver-util-1.9.18.jar
2024-09-05 17:25:56,464 [Worker-2: Launching mavenrun-e3dc147a-5af6-416a-9923-1ffcd666ad8e] INFO  o.eclipse.m2e.core.internal.Bundles - 	Entry: C:\Users\HF\.p2\pool\plugins\org.eclipse.m2e.maven.runtime_3.9.600.20231203-1234\jars\maven-settings-3.9.6.jar
2024-09-05 17:25:56,465 [Worker-2: Launching mavenrun-e3dc147a-5af6-416a-9923-1ffcd666ad8e] INFO  o.eclipse.m2e.core.internal.Bundles - 	Entry: C:\Users\HF\.p2\pool\plugins\org.eclipse.m2e.maven.runtime_3.9.600.20231203-1234\jars\maven-settings-builder-3.9.6.jar
2024-09-05 17:25:56,465 [Worker-2: Launching mavenrun-e3dc147a-5af6-416a-9923-1ffcd666ad8e] INFO  o.eclipse.m2e.core.internal.Bundles - 	Entry: C:\Users\HF\.p2\pool\plugins\org.eclipse.m2e.maven.runtime_3.9.600.20231203-1234\jars\maven-shared-utils-3.3.4.jar
2024-09-05 17:25:56,465 [Worker-2: Launching mavenrun-e3dc147a-5af6-416a-9923-1ffcd666ad8e] INFO  o.eclipse.m2e.core.internal.Bundles - 	Entry: C:\Users\HF\.p2\pool\plugins\org.eclipse.m2e.maven.runtime_3.9.600.20231203-1234\jars\org.eclipse.sisu.inject-0.9.0.M2.jar
2024-09-05 17:25:56,465 [Worker-2: Launching mavenrun-e3dc147a-5af6-416a-9923-1ffcd666ad8e] INFO  o.eclipse.m2e.core.internal.Bundles - 	Entry: C:\Users\HF\.p2\pool\plugins\org.eclipse.m2e.maven.runtime_3.9.600.20231203-1234\jars\org.eclipse.sisu.plexus-0.9.0.M2.jar
2024-09-05 17:25:56,465 [Worker-2: Launching mavenrun-e3dc147a-5af6-416a-9923-1ffcd666ad8e] INFO  o.eclipse.m2e.core.internal.Bundles - 	Entry: C:\Users\HF\.p2\pool\plugins\org.eclipse.m2e.maven.runtime_3.9.600.20231203-1234\jars\plexus-build-api-0.0.7.jar
2024-09-05 17:25:56,465 [Worker-2: Launching mavenrun-e3dc147a-5af6-416a-9923-1ffcd666ad8e] INFO  o.eclipse.m2e.core.internal.Bundles - 	Entry: C:\Users\HF\.p2\pool\plugins\org.eclipse.m2e.maven.runtime_3.9.600.20231203-1234\jars\plexus-cipher-2.0.jar
2024-09-05 17:25:56,466 [Worker-2: Launching mavenrun-e3dc147a-5af6-416a-9923-1ffcd666ad8e] INFO  o.eclipse.m2e.core.internal.Bundles - 	Entry: C:\Users\HF\.p2\pool\plugins\org.eclipse.m2e.maven.runtime_3.9.600.20231203-1234\jars\plexus-classworlds-2.7.0.jar
2024-09-05 17:25:56,466 [Worker-2: Launching mavenrun-e3dc147a-5af6-416a-9923-1ffcd666ad8e] INFO  o.eclipse.m2e.core.internal.Bundles - 	Entry: C:\Users\HF\.p2\pool\plugins\org.eclipse.m2e.maven.runtime_3.9.600.20231203-1234\jars\plexus-component-annotations-2.1.0.jar
2024-09-05 17:25:56,466 [Worker-2: Launching mavenrun-e3dc147a-5af6-416a-9923-1ffcd666ad8e] INFO  o.eclipse.m2e.core.internal.Bundles - 	Entry: C:\Users\HF\.p2\pool\plugins\org.eclipse.m2e.maven.runtime_3.9.600.20231203-1234\jars\plexus-interpolation-1.26.jar
2024-09-05 17:25:56,466 [Worker-2: Launching mavenrun-e3dc147a-5af6-416a-9923-1ffcd666ad8e] INFO  o.eclipse.m2e.core.internal.Bundles - 	Entry: C:\Users\HF\.p2\pool\plugins\org.eclipse.m2e.maven.runtime_3.9.600.20231203-1234\jars\plexus-sec-dispatcher-2.0.jar
2024-09-05 17:25:56,466 [Worker-2: Launching mavenrun-e3dc147a-5af6-416a-9923-1ffcd666ad8e] INFO  o.eclipse.m2e.core.internal.Bundles - 	Entry: C:\Users\HF\.p2\pool\plugins\org.eclipse.m2e.maven.runtime_3.9.600.20231203-1234\jars\plexus-utils-3.5.1.jar
2024-09-05 17:25:56,467 [Worker-2: Launching mavenrun-e3dc147a-5af6-416a-9923-1ffcd666ad8e] INFO  o.eclipse.m2e.core.internal.Bundles - 	Entry: C:\Users\HF\.p2\pool\plugins\org.eclipse.m2e.maven.runtime_3.9.600.20231203-1234\jars\wagon-file-3.5.3.jar
2024-09-05 17:25:56,467 [Worker-2: Launching mavenrun-e3dc147a-5af6-416a-9923-1ffcd666ad8e] INFO  o.eclipse.m2e.core.internal.Bundles - 	Entry: C:\Users\HF\.p2\pool\plugins\org.eclipse.m2e.maven.runtime_3.9.600.20231203-1234\jars\wagon-http-3.5.3.jar
2024-09-05 17:25:56,467 [Worker-2: Launching mavenrun-e3dc147a-5af6-416a-9923-1ffcd666ad8e] INFO  o.eclipse.m2e.core.internal.Bundles - 	Entry: C:\Users\HF\.p2\pool\plugins\org.eclipse.m2e.maven.runtime_3.9.600.20231203-1234\jars\wagon-http-shared-3.5.3.jar
2024-09-05 17:25:56,467 [Worker-2: Launching mavenrun-e3dc147a-5af6-416a-9923-1ffcd666ad8e] INFO  o.eclipse.m2e.core.internal.Bundles - 	Entry: C:\Users\HF\.p2\pool\plugins\org.eclipse.m2e.maven.runtime_3.9.600.20231203-1234\jars\wagon-provider-api-3.5.3.jar
2024-09-05 17:25:56,470 [Worker-2: Launching mavenrun-e3dc147a-5af6-416a-9923-1ffcd666ad8e] INFO  o.eclipse.m2e.core.internal.Bundles - getClasspathEntries(Bundle=com.google.guava_33.0.0.jre [14])
2024-09-05 17:25:56,470 [Worker-2: Launching mavenrun-e3dc147a-5af6-416a-9923-1ffcd666ad8e] INFO  o.eclipse.m2e.core.internal.Bundles - 	Entry: C:\Users\HF\.p2\pool\plugins\com.google.guava_33.0.0.jre.jar
2024-09-05 17:25:56,470 [Worker-2: Launching mavenrun-e3dc147a-5af6-416a-9923-1ffcd666ad8e] INFO  o.eclipse.m2e.core.internal.Bundles - getClasspathEntries(Bundle=slf4j.api_2.0.13 [1000])
2024-09-05 17:25:56,470 [Worker-2: Launching mavenrun-e3dc147a-5af6-416a-9923-1ffcd666ad8e] INFO  o.eclipse.m2e.core.internal.Bundles - 	Entry: C:\Users\HF\.p2\pool\plugins\slf4j.api_2.0.13.jar
2024-09-05 17:25:56,470 [Worker-2: Launching mavenrun-e3dc147a-5af6-416a-9923-1ffcd666ad8e] INFO  o.eclipse.m2e.core.internal.Bundles - getClasspathEntries(Bundle=jakarta.inject.jakarta.inject-api_1.0.5 [32])
2024-09-05 17:25:56,471 [Worker-2: Launching mavenrun-e3dc147a-5af6-416a-9923-1ffcd666ad8e] INFO  o.eclipse.m2e.core.internal.Bundles - 	Entry: C:\Users\HF\.p2\pool\plugins\jakarta.inject.jakarta.inject-api_1.0.5.jar
2024-09-05 17:25:56,471 [Worker-2: Launching mavenrun-e3dc147a-5af6-416a-9923-1ffcd666ad8e] INFO  o.eclipse.m2e.core.internal.Bundles - getClasspathEntries(Bundle=jakarta.annotation-api_1.3.5 [27])
2024-09-05 17:25:56,471 [Worker-2: Launching mavenrun-e3dc147a-5af6-416a-9923-1ffcd666ad8e] INFO  o.eclipse.m2e.core.internal.Bundles - 	Entry: C:\Users\HF\.p2\pool\plugins\jakarta.annotation-api_1.3.5.jar
2024-09-05 17:25:56,471 [Worker-2: Launching mavenrun-e3dc147a-5af6-416a-9923-1ffcd666ad8e] INFO  o.eclipse.m2e.core.internal.Bundles - getClasspathEntries(Bundle=org.apache.commons.cli_1.6.0 [75])
2024-09-05 17:25:56,471 [Worker-2: Launching mavenrun-e3dc147a-5af6-416a-9923-1ffcd666ad8e] INFO  o.eclipse.m2e.core.internal.Bundles - 	Entry: C:\Users\HF\.p2\pool\plugins\org.apache.commons.cli_1.6.0.jar
2024-09-05 17:25:56,471 [Worker-2: Launching mavenrun-e3dc147a-5af6-416a-9923-1ffcd666ad8e] INFO  o.eclipse.m2e.core.internal.Bundles - getClasspathEntries(Bundle=org.apache.commons.commons-codec_1.16.0 [78])
2024-09-05 17:25:56,472 [Worker-2: Launching mavenrun-e3dc147a-5af6-416a-9923-1ffcd666ad8e] INFO  o.eclipse.m2e.core.internal.Bundles - 	Entry: C:\Users\HF\.p2\pool\plugins\org.apache.commons.commons-codec_1.16.0.jar
2024-09-05 17:25:56,472 [Worker-2: Launching mavenrun-e3dc147a-5af6-416a-9923-1ffcd666ad8e] INFO  o.eclipse.m2e.core.internal.Bundles - getClasspathEntries(Bundle=org.apache.commons.lang3_3.14.0 [86])
2024-09-05 17:25:56,472 [Worker-2: Launching mavenrun-e3dc147a-5af6-416a-9923-1ffcd666ad8e] INFO  o.eclipse.m2e.core.internal.Bundles - 	Entry: C:\Users\HF\.p2\pool\plugins\org.apache.commons.lang3_3.14.0.jar
2024-09-05 17:25:56,472 [Worker-2: Launching mavenrun-e3dc147a-5af6-416a-9923-1ffcd666ad8e] INFO  o.eclipse.m2e.core.internal.Bundles - getClasspathEntries(Bundle=com.google.guava.failureaccess_1.0.2 [15])
2024-09-05 17:25:56,472 [Worker-2: Launching mavenrun-e3dc147a-5af6-416a-9923-1ffcd666ad8e] INFO  o.eclipse.m2e.core.internal.Bundles - 	Entry: C:\Users\HF\.p2\pool\plugins\com.google.guava.failureaccess_1.0.2.jar
2024-09-05 17:25:56,482 [Worker-2: Launching mavenrun-e3dc147a-5af6-416a-9923-1ffcd666ad8e] INFO  o.e.m.i.launch.MavenLaunchDelegate - Run build in "C:\Users\HF\AppData\Local\Temp\m2e-archetypeGenerator5876359718495410185":
2024-09-05 17:25:56,490 [Worker-2: Launching mavenrun-e3dc147a-5af6-416a-9923-1ffcd666ad8e] INFO  o.e.m.i.launch.MavenLaunchDelegate -  mvn  -DarchetypeGroupId=com.dominikcebula.archetypes -DarchetypeArtifactId=java17-basic-archetype -DarchetypeVersion=1.1 -DgroupId=com.network -DartifactId=subnet -Dversion=0.0.1-SNAPSHOT -Dpackage=com.network.subnet -DoutputDirectory=C:\Users\HF\Desktop\Subnets -Dstyle.color=always -U archetype:generate
2024-09-05 17:26:23,799 [Worker-4: Creating java17-basic-archetype] INFO  o.e.m.c.i.p.ProjectConfigurationManager - Collecting project info '/pom.xml' C:\Users\HF\Desktop\Subnets\subnet\pom.xml
2024-09-05 17:26:24,226 [Worker-4: Creating java17-basic-archetype] INFO  o.e.m.c.i.e.AbstractTransferListenerAdapter - Downloading https://repo.maven.apache.org/maven2/org/apache/maven/plugins/maven-resources-plugin/3.3.1/maven-resources-plugin-3.3.1.jar
2024-09-05 17:26:24,426 [Worker-4: Creating java17-basic-archetype] INFO  o.e.m.c.i.e.AbstractTransferListenerAdapter - Downloaded https://repo.maven.apache.org/maven2/org/apache/maven/plugins/maven-resources-plugin/3.3.1/maven-resources-plugin-3.3.1.jar
2024-09-05 17:26:24,556 [Worker-4: Creating java17-basic-archetype] INFO  o.e.m.c.i.e.AbstractTransferListenerAdapter - Downloading https://repo.maven.apache.org/maven2/org/apache/maven/plugins/maven-compiler-plugin/3.11.0/maven-compiler-plugin-3.11.0.jar
2024-09-05 17:26:24,595 [Worker-4: Creating java17-basic-archetype] INFO  o.e.m.c.i.e.AbstractTransferListenerAdapter - Downloaded https://repo.maven.apache.org/maven2/org/apache/maven/plugins/maven-compiler-plugin/3.11.0/maven-compiler-plugin-3.11.0.jar
2024-09-05 17:26:24,650 [Worker-4: Creating java17-basic-archetype] INFO  o.e.m.c.i.e.AbstractTransferListenerAdapter - Downloading https://repo.maven.apache.org/maven2/org/apache/maven/plugins/maven-surefire-plugin/3.0.0-M8/maven-surefire-plugin-3.0.0-M8.jar
2024-09-05 17:26:24,796 [Worker-4: Creating java17-basic-archetype] INFO  o.e.m.c.i.e.AbstractTransferListenerAdapter - Downloaded https://repo.maven.apache.org/maven2/org/apache/maven/plugins/maven-surefire-plugin/3.0.0-M8/maven-surefire-plugin-3.0.0-M8.jar
2024-09-05 17:26:24,922 [Worker-4: Creating java17-basic-archetype] INFO  o.e.m.c.i.e.AbstractTransferListenerAdapter - Downloading https://repo.maven.apache.org/maven2/org/apache/maven/plugins/maven-jar-plugin/3.3.0/maven-jar-plugin-3.3.0.jar
2024-09-05 17:26:25,137 [Worker-4: Creating java17-basic-archetype] INFO  o.e.m.c.i.e.AbstractTransferListenerAdapter - Downloaded https://repo.maven.apache.org/maven2/org/apache/maven/plugins/maven-jar-plugin/3.3.0/maven-jar-plugin-3.3.0.jar
2024-09-05 17:26:25,338 [Worker-4: Creating java17-basic-archetype] INFO  o.e.m.c.i.e.AbstractTransferListenerAdapter - Downloading https://repo.maven.apache.org/maven2/org/apache/maven/plugins/maven-compiler-plugin/3.11.0/maven-compiler-plugin-3.11.0.pom
2024-09-05 17:26:25,368 [Worker-4: Creating java17-basic-archetype] INFO  o.e.m.c.i.e.AbstractTransferListenerAdapter - Downloaded https://repo.maven.apache.org/maven2/org/apache/maven/plugins/maven-compiler-plugin/3.11.0/maven-compiler-plugin-3.11.0.pom
2024-09-05 17:26:25,598 [Worker-4: Creating java17-basic-archetype] INFO  o.e.m.c.i.e.AbstractTransferListenerAdapter - Downloading https://repo.maven.apache.org/maven2/org/codehaus/plexus/plexus-java/1.1.2/plexus-java-1.1.2.pom
2024-09-05 17:26:25,629 [Worker-4: Creating java17-basic-archetype] INFO  o.e.m.c.i.e.AbstractTransferListenerAdapter - Downloaded https://repo.maven.apache.org/maven2/org/codehaus/plexus/plexus-java/1.1.2/plexus-java-1.1.2.pom
2024-09-05 17:26:25,678 [Worker-4: Creating java17-basic-archetype] INFO  o.e.m.c.i.e.AbstractTransferListenerAdapter - Downloading https://repo.maven.apache.org/maven2/org/codehaus/plexus/plexus-languages/1.1.2/plexus-languages-1.1.2.pom
2024-09-05 17:26:25,711 [Worker-4: Creating java17-basic-archetype] INFO  o.e.m.c.i.e.AbstractTransferListenerAdapter - Downloaded https://repo.maven.apache.org/maven2/org/codehaus/plexus/plexus-languages/1.1.2/plexus-languages-1.1.2.pom
2024-09-05 17:26:25,789 [Worker-4: Creating java17-basic-archetype] INFO  o.e.m.c.i.e.AbstractTransferListenerAdapter - Downloading https://repo.maven.apache.org/maven2/org/ow2/asm/asm/9.4/asm-9.4.pom
2024-09-05 17:26:25,811 [Worker-4: Creating java17-basic-archetype] INFO  o.e.m.c.i.e.AbstractTransferListenerAdapter - Downloaded https://repo.maven.apache.org/maven2/org/ow2/asm/asm/9.4/asm-9.4.pom
2024-09-05 17:26:25,877 [Worker-4: Creating java17-basic-archetype] INFO  o.e.m.c.i.e.AbstractTransferListenerAdapter - Downloading https://repo.maven.apache.org/maven2/com/thoughtworks/qdox/qdox/2.0.3/qdox-2.0.3.pom
2024-09-05 17:26:25,902 [Worker-4: Creating java17-basic-archetype] INFO  o.e.m.c.i.e.AbstractTransferListenerAdapter - Downloaded https://repo.maven.apache.org/maven2/com/thoughtworks/qdox/qdox/2.0.3/qdox-2.0.3.pom
2024-09-05 17:26:25,959 [Worker-4: Creating java17-basic-archetype] INFO  o.e.m.c.i.e.AbstractTransferListenerAdapter - Downloading https://repo.maven.apache.org/maven2/org/codehaus/plexus/plexus-compiler-api/2.13.0/plexus-compiler-api-2.13.0.pom
2024-09-05 17:26:25,980 [Worker-4: Creating java17-basic-archetype] INFO  o.e.m.c.i.e.AbstractTransferListenerAdapter - Downloaded https://repo.maven.apache.org/maven2/org/codehaus/plexus/plexus-compiler-api/2.13.0/plexus-compiler-api-2.13.0.pom
2024-09-05 17:26:26,027 [Worker-4: Creating java17-basic-archetype] INFO  o.e.m.c.i.e.AbstractTransferListenerAdapter - Downloading https://repo.maven.apache.org/maven2/org/codehaus/plexus/plexus-compiler/2.13.0/plexus-compiler-2.13.0.pom
2024-09-05 17:26:26,051 [Worker-4: Creating java17-basic-archetype] INFO  o.e.m.c.i.e.AbstractTransferListenerAdapter - Downloaded https://repo.maven.apache.org/maven2/org/codehaus/plexus/plexus-compiler/2.13.0/plexus-compiler-2.13.0.pom
2024-09-05 17:26:26,103 [Worker-4: Creating java17-basic-archetype] INFO  o.e.m.c.i.e.AbstractTransferListenerAdapter - Downloading https://repo.maven.apache.org/maven2/org/codehaus/plexus/plexus-components/10.0/plexus-components-10.0.pom
2024-09-05 17:26:26,120 [Worker-4: Creating java17-basic-archetype] INFO  o.e.m.c.i.e.AbstractTransferListenerAdapter - Downloaded https://repo.maven.apache.org/maven2/org/codehaus/plexus/plexus-components/10.0/plexus-components-10.0.pom
2024-09-05 17:26:26,201 [Worker-4: Creating java17-basic-archetype] INFO  o.e.m.c.i.e.AbstractTransferListenerAdapter - Downloading https://repo.maven.apache.org/maven2/org/codehaus/plexus/plexus-compiler-manager/2.13.0/plexus-compiler-manager-2.13.0.pom
2024-09-05 17:26:26,221 [Worker-4: Creating java17-basic-archetype] INFO  o.e.m.c.i.e.AbstractTransferListenerAdapter - Downloaded https://repo.maven.apache.org/maven2/org/codehaus/plexus/plexus-compiler-manager/2.13.0/plexus-compiler-manager-2.13.0.pom
2024-09-05 17:26:26,267 [Worker-4: Creating java17-basic-archetype] INFO  o.e.m.c.i.e.AbstractTransferListenerAdapter - Downloading https://repo.maven.apache.org/maven2/org/codehaus/plexus/plexus-component-annotations/2.1.1/plexus-component-annotations-2.1.1.pom
2024-09-05 17:26:26,286 [Worker-4: Creating java17-basic-archetype] INFO  o.e.m.c.i.e.AbstractTransferListenerAdapter - Downloaded https://repo.maven.apache.org/maven2/org/codehaus/plexus/plexus-component-annotations/2.1.1/plexus-component-annotations-2.1.1.pom
2024-09-05 17:26:26,334 [Worker-4: Creating java17-basic-archetype] INFO  o.e.m.c.i.e.AbstractTransferListenerAdapter - Downloading https://repo.maven.apache.org/maven2/org/codehaus/plexus/plexus-containers/2.1.1/plexus-containers-2.1.1.pom
2024-09-05 17:26:26,351 [Worker-4: Creating java17-basic-archetype] INFO  o.e.m.c.i.e.AbstractTransferListenerAdapter - Downloaded https://repo.maven.apache.org/maven2/org/codehaus/plexus/plexus-containers/2.1.1/plexus-containers-2.1.1.pom
2024-09-05 17:26:26,406 [Worker-4: Creating java17-basic-archetype] INFO  o.e.m.c.i.e.AbstractTransferListenerAdapter - Downloading https://repo.maven.apache.org/maven2/org/codehaus/plexus/plexus-compiler-javac/2.13.0/plexus-compiler-javac-2.13.0.pom
2024-09-05 17:26:26,426 [Worker-4: Creating java17-basic-archetype] INFO  o.e.m.c.i.e.AbstractTransferListenerAdapter - Downloaded https://repo.maven.apache.org/maven2/org/codehaus/plexus/plexus-compiler-javac/2.13.0/plexus-compiler-javac-2.13.0.pom
2024-09-05 17:26:26,472 [Worker-4: Creating java17-basic-archetype] INFO  o.e.m.c.i.e.AbstractTransferListenerAdapter - Downloading https://repo.maven.apache.org/maven2/org/codehaus/plexus/plexus-compilers/2.13.0/plexus-compilers-2.13.0.pom
2024-09-05 17:26:26,489 [Worker-4: Creating java17-basic-archetype] INFO  o.e.m.c.i.e.AbstractTransferListenerAdapter - Downloaded https://repo.maven.apache.org/maven2/org/codehaus/plexus/plexus-compilers/2.13.0/plexus-compilers-2.13.0.pom
2024-09-05 17:26:26,548 [Worker-4: Creating java17-basic-archetype] INFO  o.e.m.c.i.e.AbstractTransferListenerAdapter - Downloading https://repo.maven.apache.org/maven2/org/codehaus/plexus/plexus-component-annotations/1.5.5/plexus-component-annotations-1.5.5.jar
2024-09-05 17:26:26,590 [Worker-4: Creating java17-basic-archetype] INFO  o.e.m.c.i.e.AbstractTransferListenerAdapter - Downloaded https://repo.maven.apache.org/maven2/org/codehaus/plexus/plexus-component-annotations/1.5.5/plexus-component-annotations-1.5.5.jar
2024-09-05 17:26:26,633 [BasicRepositoryConnector-repo.maven.apache.org-0-3] INFO  o.e.m.c.i.e.AbstractTransferListenerAdapter - Downloading https://repo.maven.apache.org/maven2/org/codehaus/plexus/plexus-compiler-api/2.13.0/plexus-compiler-api-2.13.0.jar
2024-09-05 17:26:26,718 [BasicRepositoryConnector-repo.maven.apache.org-0-4] INFO  o.e.m.c.i.e.AbstractTransferListenerAdapter - Downloading https://repo.maven.apache.org/maven2/org/codehaus/plexus/plexus-utils/3.5.0/plexus-utils-3.5.0.jar
2024-09-05 17:26:26,718 [BasicRepositoryConnector-repo.maven.apache.org-0-1] INFO  o.e.m.c.i.e.AbstractTransferListenerAdapter - Downloading https://repo.maven.apache.org/maven2/org/ow2/asm/asm/9.4/asm-9.4.jar
2024-09-05 17:26:26,728 [BasicRepositoryConnector-repo.maven.apache.org-0-0] INFO  o.e.m.c.i.e.AbstractTransferListenerAdapter - Downloading https://repo.maven.apache.org/maven2/org/codehaus/plexus/plexus-java/1.1.2/plexus-java-1.1.2.jar
2024-09-05 17:26:26,728 [BasicRepositoryConnector-repo.maven.apache.org-0-2] INFO  o.e.m.c.i.e.AbstractTransferListenerAdapter - Downloading https://repo.maven.apache.org/maven2/com/thoughtworks/qdox/qdox/2.0.3/qdox-2.0.3.jar
2024-09-05 17:26:26,797 [BasicRepositoryConnector-repo.maven.apache.org-0-0] INFO  o.e.m.c.i.e.AbstractTransferListenerAdapter - Downloaded https://repo.maven.apache.org/maven2/org/codehaus/plexus/plexus-java/1.1.2/plexus-java-1.1.2.jar
2024-09-05 17:26:26,808 [BasicRepositoryConnector-repo.maven.apache.org-0-1] INFO  o.e.m.c.i.e.AbstractTransferListenerAdapter - Downloaded https://repo.maven.apache.org/maven2/org/ow2/asm/asm/9.4/asm-9.4.jar
2024-09-05 17:26:26,837 [BasicRepositoryConnector-repo.maven.apache.org-0-0] INFO  o.e.m.c.i.e.AbstractTransferListenerAdapter - Downloading https://repo.maven.apache.org/maven2/org/codehaus/plexus/plexus-compiler-manager/2.13.0/plexus-compiler-manager-2.13.0.jar
2024-09-05 17:26:26,852 [BasicRepositoryConnector-repo.maven.apache.org-0-1] INFO  o.e.m.c.i.e.AbstractTransferListenerAdapter - Downloading https://repo.maven.apache.org/maven2/org/codehaus/plexus/plexus-compiler-javac/2.13.0/plexus-compiler-javac-2.13.0.jar
2024-09-05 17:26:26,890 [BasicRepositoryConnector-repo.maven.apache.org-0-0] INFO  o.e.m.c.i.e.AbstractTransferListenerAdapter - Downloaded https://repo.maven.apache.org/maven2/org/codehaus/plexus/plexus-compiler-manager/2.13.0/plexus-compiler-manager-2.13.0.jar
2024-09-05 17:26:26,907 [BasicRepositoryConnector-repo.maven.apache.org-0-3] INFO  o.e.m.c.i.e.AbstractTransferListenerAdapter - Downloaded https://repo.maven.apache.org/maven2/org/codehaus/plexus/plexus-compiler-api/2.13.0/plexus-compiler-api-2.13.0.jar
2024-09-05 17:26:26,930 [BasicRepositoryConnector-repo.maven.apache.org-0-4] INFO  o.e.m.c.i.e.AbstractTransferListenerAdapter - Downloaded https://repo.maven.apache.org/maven2/org/codehaus/plexus/plexus-utils/3.5.0/plexus-utils-3.5.0.jar
2024-09-05 17:26:26,967 [BasicRepositoryConnector-repo.maven.apache.org-0-2] INFO  o.e.m.c.i.e.AbstractTransferListenerAdapter - Downloaded https://repo.maven.apache.org/maven2/com/thoughtworks/qdox/qdox/2.0.3/qdox-2.0.3.jar
2024-09-05 17:26:27,003 [BasicRepositoryConnector-repo.maven.apache.org-0-1] INFO  o.e.m.c.i.e.AbstractTransferListenerAdapter - Downloaded https://repo.maven.apache.org/maven2/org/codehaus/plexus/plexus-compiler-javac/2.13.0/plexus-compiler-javac-2.13.0.jar
2024-09-05 17:26:27,175 [Worker-4: Creating java17-basic-archetype] INFO  o.e.m.c.i.l.LifecycleMappingFactory - Using org.eclipse.m2e.jdt.JarLifecycleMapping lifecycle mapping for MavenProject: com.network:subnet:0.0.1-SNAPSHOT @ C:\Users\HF\Desktop\Subnets\subnet\pom.xml.
2024-09-05 17:26:27,221 [Worker-4: Creating java17-basic-archetype] INFO  o.e.m.c.i.e.AbstractTransferListenerAdapter - Downloading https://repo.maven.apache.org/maven2/org/junit/jupiter/junit-jupiter-engine/5.9.2/junit-jupiter-engine-5.9.2.pom
2024-09-05 17:26:27,240 [Worker-4: Creating java17-basic-archetype] INFO  o.e.m.c.i.e.AbstractTransferListenerAdapter - Downloaded https://repo.maven.apache.org/maven2/org/junit/jupiter/junit-jupiter-engine/5.9.2/junit-jupiter-engine-5.9.2.pom
2024-09-05 17:26:27,286 [Worker-4: Creating java17-basic-archetype] INFO  o.e.m.c.i.e.AbstractTransferListenerAdapter - Downloading https://repo.maven.apache.org/maven2/org/junit/junit-bom/5.9.2/junit-bom-5.9.2.pom
2024-09-05 17:26:27,304 [Worker-4: Creating java17-basic-archetype] INFO  o.e.m.c.i.e.AbstractTransferListenerAdapter - Downloaded https://repo.maven.apache.org/maven2/org/junit/junit-bom/5.9.2/junit-bom-5.9.2.pom
2024-09-05 17:26:27,349 [Worker-4: Creating java17-basic-archetype] INFO  o.e.m.c.i.e.AbstractTransferListenerAdapter - Downloading https://repo.maven.apache.org/maven2/org/junit/platform/junit-platform-engine/1.9.2/junit-platform-engine-1.9.2.pom
2024-09-05 17:26:27,368 [Worker-4: Creating java17-basic-archetype] INFO  o.e.m.c.i.e.AbstractTransferListenerAdapter - Downloaded https://repo.maven.apache.org/maven2/org/junit/platform/junit-platform-engine/1.9.2/junit-platform-engine-1.9.2.pom
2024-09-05 17:26:27,414 [Worker-4: Creating java17-basic-archetype] INFO  o.e.m.c.i.e.AbstractTransferListenerAdapter - Downloading https://repo.maven.apache.org/maven2/org/opentest4j/opentest4j/1.2.0/opentest4j-1.2.0.pom
2024-09-05 17:26:27,435 [Worker-4: Creating java17-basic-archetype] INFO  o.e.m.c.i.e.AbstractTransferListenerAdapter - Downloaded https://repo.maven.apache.org/maven2/org/opentest4j/opentest4j/1.2.0/opentest4j-1.2.0.pom
2024-09-05 17:26:27,481 [Worker-4: Creating java17-basic-archetype] INFO  o.e.m.c.i.e.AbstractTransferListenerAdapter - Downloading https://repo.maven.apache.org/maven2/org/junit/platform/junit-platform-commons/1.9.2/junit-platform-commons-1.9.2.pom
2024-09-05 17:26:27,502 [Worker-4: Creating java17-basic-archetype] INFO  o.e.m.c.i.e.AbstractTransferListenerAdapter - Downloaded https://repo.maven.apache.org/maven2/org/junit/platform/junit-platform-commons/1.9.2/junit-platform-commons-1.9.2.pom
2024-09-05 17:26:27,548 [Worker-4: Creating java17-basic-archetype] INFO  o.e.m.c.i.e.AbstractTransferListenerAdapter - Downloading https://repo.maven.apache.org/maven2/org/apiguardian/apiguardian-api/1.1.2/apiguardian-api-1.1.2.pom
2024-09-05 17:26:27,567 [Worker-4: Creating java17-basic-archetype] INFO  o.e.m.c.i.e.AbstractTransferListenerAdapter - Downloaded https://repo.maven.apache.org/maven2/org/apiguardian/apiguardian-api/1.1.2/apiguardian-api-1.1.2.pom
2024-09-05 17:26:27,614 [Worker-4: Creating java17-basic-archetype] INFO  o.e.m.c.i.e.AbstractTransferListenerAdapter - Downloading https://repo.maven.apache.org/maven2/org/junit/jupiter/junit-jupiter-api/5.9.2/junit-jupiter-api-5.9.2.pom
2024-09-05 17:26:27,632 [Worker-4: Creating java17-basic-archetype] INFO  o.e.m.c.i.e.AbstractTransferListenerAdapter - Downloaded https://repo.maven.apache.org/maven2/org/junit/jupiter/junit-jupiter-api/5.9.2/junit-jupiter-api-5.9.2.pom
2024-09-05 17:26:27,680 [Worker-4: Creating java17-basic-archetype] INFO  o.e.m.c.i.e.AbstractTransferListenerAdapter - Downloading https://repo.maven.apache.org/maven2/org/junit/jupiter/junit-jupiter-engine/5.9.2/junit-jupiter-engine-5.9.2.jar
2024-09-05 17:26:27,819 [Worker-4: Creating java17-basic-archetype] INFO  o.e.m.c.i.e.AbstractTransferListenerAdapter - Downloaded https://repo.maven.apache.org/maven2/org/junit/jupiter/junit-jupiter-engine/5.9.2/junit-jupiter-engine-5.9.2.jar
2024-09-05 17:26:27,860 [BasicRepositoryConnector-repo.maven.apache.org-1-0] INFO  o.e.m.c.i.e.AbstractTransferListenerAdapter - Downloading https://repo.maven.apache.org/maven2/org/junit/platform/junit-platform-engine/1.9.2/junit-platform-engine-1.9.2.jar
2024-09-05 17:26:27,860 [BasicRepositoryConnector-repo.maven.apache.org-1-2] INFO  o.e.m.c.i.e.AbstractTransferListenerAdapter - Downloading https://repo.maven.apache.org/maven2/org/junit/platform/junit-platform-commons/1.9.2/junit-platform-commons-1.9.2.jar
2024-09-05 17:26:27,865 [BasicRepositoryConnector-repo.maven.apache.org-1-4] INFO  o.e.m.c.i.e.AbstractTransferListenerAdapter - Downloading https://repo.maven.apache.org/maven2/org/apiguardian/apiguardian-api/1.1.2/apiguardian-api-1.1.2.jar
2024-09-05 17:26:27,865 [BasicRepositoryConnector-repo.maven.apache.org-1-1] INFO  o.e.m.c.i.e.AbstractTransferListenerAdapter - Downloading https://repo.maven.apache.org/maven2/org/opentest4j/opentest4j/1.2.0/opentest4j-1.2.0.jar
2024-09-05 17:26:27,865 [BasicRepositoryConnector-repo.maven.apache.org-1-3] INFO  o.e.m.c.i.e.AbstractTransferListenerAdapter - Downloading https://repo.maven.apache.org/maven2/org/junit/jupiter/junit-jupiter-api/5.9.2/junit-jupiter-api-5.9.2.jar
2024-09-05 17:26:27,923 [BasicRepositoryConnector-repo.maven.apache.org-1-4] INFO  o.e.m.c.i.e.AbstractTransferListenerAdapter - Downloaded https://repo.maven.apache.org/maven2/org/apiguardian/apiguardian-api/1.1.2/apiguardian-api-1.1.2.jar
2024-09-05 17:26:27,933 [BasicRepositoryConnector-repo.maven.apache.org-1-1] INFO  o.e.m.c.i.e.AbstractTransferListenerAdapter - Downloaded https://repo.maven.apache.org/maven2/org/opentest4j/opentest4j/1.2.0/opentest4j-1.2.0.jar
2024-09-05 17:26:27,947 [BasicRepositoryConnector-repo.maven.apache.org-1-0] INFO  o.e.m.c.i.e.AbstractTransferListenerAdapter - Downloaded https://repo.maven.apache.org/maven2/org/junit/platform/junit-platform-engine/1.9.2/junit-platform-engine-1.9.2.jar
2024-09-05 17:26:27,952 [BasicRepositoryConnector-repo.maven.apache.org-1-2] INFO  o.e.m.c.i.e.AbstractTransferListenerAdapter - Downloaded https://repo.maven.apache.org/maven2/org/junit/platform/junit-platform-commons/1.9.2/junit-platform-commons-1.9.2.jar
2024-09-05 17:26:27,997 [BasicRepositoryConnector-repo.maven.apache.org-1-3] INFO  o.e.m.c.i.e.AbstractTransferListenerAdapter - Downloaded https://repo.maven.apache.org/maven2/org/junit/jupiter/junit-jupiter-api/5.9.2/junit-jupiter-api-5.9.2.jar
2024-09-05 17:26:28,067 [Worker-4: Creating java17-basic-archetype] INFO  o.e.m.c.i.e.AbstractTransferListenerAdapter - Downloading https://repo.maven.apache.org/maven2/org/apache/maven/plugins/maven-resources-plugin/3.3.1/maven-resources-plugin-3.3.1.pom
2024-09-05 17:26:28,091 [Worker-4: Creating java17-basic-archetype] INFO  o.e.m.c.i.e.AbstractTransferListenerAdapter - Downloaded https://repo.maven.apache.org/maven2/org/apache/maven/plugins/maven-resources-plugin/3.3.1/maven-resources-plugin-3.3.1.pom
2024-09-05 17:26:28,150 [Worker-4: Creating java17-basic-archetype] INFO  o.e.m.c.i.e.AbstractTransferListenerAdapter - Downloading https://repo.maven.apache.org/maven2/org/apache/maven/plugins/maven-surefire-plugin/3.0.0-M8/maven-surefire-plugin-3.0.0-M8.pom
2024-09-05 17:26:28,174 [Worker-4: Creating java17-basic-archetype] INFO  o.e.m.c.i.e.AbstractTransferListenerAdapter - Downloaded https://repo.maven.apache.org/maven2/org/apache/maven/plugins/maven-surefire-plugin/3.0.0-M8/maven-surefire-plugin-3.0.0-M8.pom
2024-09-05 17:26:28,223 [Worker-4: Creating java17-basic-archetype] INFO  o.e.m.c.i.e.AbstractTransferListenerAdapter - Downloading https://repo.maven.apache.org/maven2/org/apache/maven/surefire/surefire/3.0.0-M8/surefire-3.0.0-M8.pom
2024-09-05 17:26:28,257 [Worker-4: Creating java17-basic-archetype] INFO  o.e.m.c.i.e.AbstractTransferListenerAdapter - Downloaded https://repo.maven.apache.org/maven2/org/apache/maven/surefire/surefire/3.0.0-M8/surefire-3.0.0-M8.pom
2024-09-05 17:26:28,336 [Worker-4: Creating java17-basic-archetype] INFO  o.e.m.c.i.e.AbstractTransferListenerAdapter - Downloading https://repo.maven.apache.org/maven2/org/apache/maven/plugins/maven-jar-plugin/3.3.0/maven-jar-plugin-3.3.0.pom
2024-09-05 17:26:28,358 [Worker-4: Creating java17-basic-archetype] INFO  o.e.m.c.i.e.AbstractTransferListenerAdapter - Downloaded https://repo.maven.apache.org/maven2/org/apache/maven/plugins/maven-jar-plugin/3.3.0/maven-jar-plugin-3.3.0.pom
2024-09-05 17:26:28,403 [Worker-4: Creating java17-basic-archetype] INFO  o.e.m.c.i.e.AbstractTransferListenerAdapter - Downloading https://repo.maven.apache.org/maven2/org/apache/maven/plugins/maven-plugins/37/maven-plugins-37.pom
2024-09-05 17:26:28,432 [Worker-4: Creating java17-basic-archetype] INFO  o.e.m.c.i.e.AbstractTransferListenerAdapter - Downloaded https://repo.maven.apache.org/maven2/org/apache/maven/plugins/maven-plugins/37/maven-plugins-37.pom
2024-09-05 17:26:28,545 [Worker-4: Creating java17-basic-archetype] INFO  o.e.m.c.i.e.AbstractTransferListenerAdapter - Downloading https://repo.maven.apache.org/maven2/org/apache/maven/shared/file-management/3.1.0/file-management-3.1.0.pom
2024-09-05 17:26:28,572 [Worker-4: Creating java17-basic-archetype] INFO  o.e.m.c.i.e.AbstractTransferListenerAdapter - Downloaded https://repo.maven.apache.org/maven2/org/apache/maven/shared/file-management/3.1.0/file-management-3.1.0.pom
2024-09-05 17:26:28,618 [Worker-4: Creating java17-basic-archetype] INFO  o.e.m.c.i.e.AbstractTransferListenerAdapter - Downloading https://repo.maven.apache.org/maven2/org/apache/maven/shared/maven-shared-components/36/maven-shared-components-36.pom
2024-09-05 17:26:28,644 [Worker-4: Creating java17-basic-archetype] INFO  o.e.m.c.i.e.AbstractTransferListenerAdapter - Downloaded https://repo.maven.apache.org/maven2/org/apache/maven/shared/maven-shared-components/36/maven-shared-components-36.pom
2024-09-05 17:26:28,782 [Worker-4: Creating java17-basic-archetype] INFO  o.e.m.c.i.e.AbstractTransferListenerAdapter - Downloading https://repo.maven.apache.org/maven2/org/apache/maven/maven-archiver/3.6.0/maven-archiver-3.6.0.pom
2024-09-05 17:26:28,807 [Worker-4: Creating java17-basic-archetype] INFO  o.e.m.c.i.e.AbstractTransferListenerAdapter - Downloaded https://repo.maven.apache.org/maven2/org/apache/maven/maven-archiver/3.6.0/maven-archiver-3.6.0.pom
2024-09-05 17:26:28,857 [Worker-4: Creating java17-basic-archetype] INFO  o.e.m.c.i.e.AbstractTransferListenerAdapter - Downloading https://repo.maven.apache.org/maven2/org/codehaus/plexus/plexus-io/3.4.0/plexus-io-3.4.0.pom
2024-09-05 17:26:28,881 [Worker-4: Creating java17-basic-archetype] INFO  o.e.m.c.i.e.AbstractTransferListenerAdapter - Downloaded https://repo.maven.apache.org/maven2/org/codehaus/plexus/plexus-io/3.4.0/plexus-io-3.4.0.pom
2024-09-05 17:26:28,943 [Worker-4: Creating java17-basic-archetype] INFO  o.e.m.c.i.e.AbstractTransferListenerAdapter - Downloading https://repo.maven.apache.org/maven2/org/codehaus/plexus/plexus-archiver/4.4.0/plexus-archiver-4.4.0.pom
2024-09-05 17:26:28,963 [Worker-4: Creating java17-basic-archetype] INFO  o.e.m.c.i.e.AbstractTransferListenerAdapter - Downloaded https://repo.maven.apache.org/maven2/org/codehaus/plexus/plexus-archiver/4.4.0/plexus-archiver-4.4.0.pom
2024-09-05 17:26:29,048 [Worker-4: Creating java17-basic-archetype] INFO  o.e.m.c.i.e.AbstractTransferListenerAdapter - Downloading https://repo.maven.apache.org/maven2/org/codehaus/plexus/plexus-utils/3.4.2/plexus-utils-3.4.2.pom
2024-09-05 17:26:29,070 [Worker-4: Creating java17-basic-archetype] INFO  o.e.m.c.i.e.AbstractTransferListenerAdapter - Downloaded https://repo.maven.apache.org/maven2/org/codehaus/plexus/plexus-utils/3.4.2/plexus-utils-3.4.2.pom
2024-09-05 17:26:29,123 [Worker-4: Creating java17-basic-archetype] INFO  o.e.m.c.i.e.AbstractTransferListenerAdapter - Downloading https://repo.maven.apache.org/maven2/org/codehaus/plexus/plexus/8/plexus-8.pom
2024-09-05 17:26:29,155 [Worker-4: Creating java17-basic-archetype] INFO  o.e.m.c.i.e.AbstractTransferListenerAdapter - Downloaded https://repo.maven.apache.org/maven2/org/codehaus/plexus/plexus/8/plexus-8.pom
2024-09-05 17:26:29,218 [Worker-4: Creating java17-basic-archetype] INFO  o.e.m.c.i.e.AbstractTransferListenerAdapter - Downloading https://repo.maven.apache.org/maven2/org/apache/maven/shared/file-management/3.1.0/file-management-3.1.0.jar
2024-09-05 17:26:29,580 [Worker-4: Creating java17-basic-archetype] INFO  o.e.m.c.i.e.AbstractTransferListenerAdapter - Downloaded https://repo.maven.apache.org/maven2/org/apache/maven/shared/file-management/3.1.0/file-management-3.1.0.jar
2024-09-05 17:26:29,622 [BasicRepositoryConnector-repo.maven.apache.org-2-2] INFO  o.e.m.c.i.e.AbstractTransferListenerAdapter - Downloading https://repo.maven.apache.org/maven2/org/codehaus/plexus/plexus-archiver/4.4.0/plexus-archiver-4.4.0.jar
2024-09-05 17:26:29,623 [BasicRepositoryConnector-repo.maven.apache.org-2-3] INFO  o.e.m.c.i.e.AbstractTransferListenerAdapter - Downloading https://repo.maven.apache.org/maven2/org/codehaus/plexus/plexus-utils/3.4.2/plexus-utils-3.4.2.jar
2024-09-05 17:26:29,623 [BasicRepositoryConnector-repo.maven.apache.org-2-1] INFO  o.e.m.c.i.e.AbstractTransferListenerAdapter - Downloading https://repo.maven.apache.org/maven2/org/codehaus/plexus/plexus-io/3.4.0/plexus-io-3.4.0.jar
2024-09-05 17:26:29,623 [BasicRepositoryConnector-repo.maven.apache.org-2-0] INFO  o.e.m.c.i.e.AbstractTransferListenerAdapter - Downloading https://repo.maven.apache.org/maven2/org/apache/maven/maven-archiver/3.6.0/maven-archiver-3.6.0.jar
2024-09-05 17:26:29,674 [BasicRepositoryConnector-repo.maven.apache.org-2-1] INFO  o.e.m.c.i.e.AbstractTransferListenerAdapter - Downloaded https://repo.maven.apache.org/maven2/org/codehaus/plexus/plexus-io/3.4.0/plexus-io-3.4.0.jar
2024-09-05 17:26:29,753 [BasicRepositoryConnector-repo.maven.apache.org-2-3] INFO  o.e.m.c.i.e.AbstractTransferListenerAdapter - Downloaded https://repo.maven.apache.org/maven2/org/codehaus/plexus/plexus-utils/3.4.2/plexus-utils-3.4.2.jar
2024-09-05 17:26:29,781 [BasicRepositoryConnector-repo.maven.apache.org-2-2] INFO  o.e.m.c.i.e.AbstractTransferListenerAdapter - Downloaded https://repo.maven.apache.org/maven2/org/codehaus/plexus/plexus-archiver/4.4.0/plexus-archiver-4.4.0.jar
2024-09-05 17:26:29,818 [BasicRepositoryConnector-repo.maven.apache.org-2-0] INFO  o.e.m.c.i.e.AbstractTransferListenerAdapter - Downloaded https://repo.maven.apache.org/maven2/org/apache/maven/maven-archiver/3.6.0/maven-archiver-3.6.0.jar
2024-09-05 17:26:30,291 [Worker-4: Creating java17-basic-archetype] INFO  o.e.m.c.i.e.AbstractTransferListenerAdapter - Downloading https://repo.maven.apache.org/maven2/org/apache/maven/shared/maven-filtering/3.3.1/maven-filtering-3.3.1.pom
2024-09-05 17:26:30,319 [Worker-4: Creating java17-basic-archetype] INFO  o.e.m.c.i.e.AbstractTransferListenerAdapter - Downloaded https://repo.maven.apache.org/maven2/org/apache/maven/shared/maven-filtering/3.3.1/maven-filtering-3.3.1.pom
2024-09-05 17:26:30,437 [Worker-4: Creating java17-basic-archetype] INFO  o.e.m.c.i.e.AbstractTransferListenerAdapter - Downloading https://repo.maven.apache.org/maven2/org/apache/maven/shared/maven-filtering/3.3.1/maven-filtering-3.3.1.jar
2024-09-05 17:26:30,487 [Worker-4: Creating java17-basic-archetype] INFO  o.e.m.c.i.e.AbstractTransferListenerAdapter - Downloaded https://repo.maven.apache.org/maven2/org/apache/maven/shared/maven-filtering/3.3.1/maven-filtering-3.3.1.jar
2024-09-05 17:26:30,574 [Worker-4: Creating java17-basic-archetype] INFO  o.e.m.j.i.AbstractJavaProjectConfigurator - Adding source folder /subnet/src/main/java
2024-09-05 17:26:30,576 [Worker-4: Creating java17-basic-archetype] INFO  o.e.m.j.i.AbstractJavaProjectConfigurator - Adding resource folder /subnet/src/main/resources
2024-09-05 17:26:30,584 [Worker-4: Creating java17-basic-archetype] INFO  o.e.m.j.i.AbstractJavaProjectConfigurator - Adding source folder /subnet/src/test/java
2024-09-05 17:26:30,585 [Worker-4: Creating java17-basic-archetype] INFO  o.e.m.j.i.AbstractJavaProjectConfigurator - Adding resource folder /subnet/src/test/resources
2024-09-05 17:26:31,111 [Worker-4: Creating java17-basic-archetype] INFO  o.e.m.c.i.p.ProjectConfigurationManager - Imported and configured 1 project(s) in 7 sec
2024-09-05 17:26:31,286 [Worker-22: Download sources and javadoc] INFO  o.e.m.c.i.e.AbstractTransferListenerAdapter - Downloading https://repo.maven.apache.org/maven2/org/junit/jupiter/junit-jupiter-engine/5.9.2/junit-jupiter-engine-5.9.2-sources.jar
2024-09-05 17:26:31,415 [Worker-22: Download sources and javadoc] INFO  o.e.m.c.i.e.AbstractTransferListenerAdapter - Downloaded https://repo.maven.apache.org/maven2/org/junit/jupiter/junit-jupiter-engine/5.9.2/junit-jupiter-engine-5.9.2-sources.jar
2024-09-05 17:26:31,421 [Worker-22: Download sources and javadoc] INFO  o.e.m.j.internal.DownloadSourcesJob - Downloaded sources for org.junit.jupiter:junit-jupiter-engine:5.9.2
2024-09-05 17:26:31,574 [Worker-22: Download sources and javadoc] INFO  o.e.m.c.i.e.AbstractTransferListenerAdapter - Downloading https://repo.maven.apache.org/maven2/org/junit/platform/junit-platform-engine/1.9.2/junit-platform-engine-1.9.2-sources.jar
2024-09-05 17:26:31,707 [Worker-22: Download sources and javadoc] INFO  o.e.m.c.i.e.AbstractTransferListenerAdapter - Downloaded https://repo.maven.apache.org/maven2/org/junit/platform/junit-platform-engine/1.9.2/junit-platform-engine-1.9.2-sources.jar
2024-09-05 17:26:31,712 [Worker-22: Download sources and javadoc] INFO  o.e.m.j.internal.DownloadSourcesJob - Downloaded sources for org.junit.platform:junit-platform-engine:1.9.2
2024-09-05 17:26:31,847 [Worker-22: Download sources and javadoc] INFO  o.e.m.c.i.e.AbstractTransferListenerAdapter - Downloading https://repo.maven.apache.org/maven2/org/opentest4j/opentest4j/1.2.0/opentest4j-1.2.0-sources.jar
2024-09-05 17:26:32,091 [Worker-22: Download sources and javadoc] INFO  o.e.m.c.i.e.AbstractTransferListenerAdapter - Downloaded https://repo.maven.apache.org/maven2/org/opentest4j/opentest4j/1.2.0/opentest4j-1.2.0-sources.jar
2024-09-05 17:26:32,095 [Worker-22: Download sources and javadoc] INFO  o.e.m.j.internal.DownloadSourcesJob - Downloaded sources for org.opentest4j:opentest4j:1.2.0
2024-09-05 17:26:32,106 [Worker-2: Building] INFO  o.a.m.s.f.DefaultMavenResourcesFiltering - skip non existing resourceDirectory C:\Users\HF\Desktop\Subnets\subnet\src\main\resources
2024-09-05 17:26:32,111 [Worker-2: Building] INFO  o.a.m.s.f.DefaultMavenResourcesFiltering - skip non existing resourceDirectory C:\Users\HF\Desktop\Subnets\subnet\src\test\resources
2024-09-05 17:26:32,234 [Worker-22: Download sources and javadoc] INFO  o.e.m.c.i.e.AbstractTransferListenerAdapter - Downloading https://repo.maven.apache.org/maven2/org/junit/platform/junit-platform-commons/1.9.2/junit-platform-commons-1.9.2-sources.jar
2024-09-05 17:26:32,352 [Worker-22: Download sources and javadoc] INFO  o.e.m.c.i.e.AbstractTransferListenerAdapter - Downloaded https://repo.maven.apache.org/maven2/org/junit/platform/junit-platform-commons/1.9.2/junit-platform-commons-1.9.2-sources.jar
2024-09-05 17:26:32,357 [Worker-22: Download sources and javadoc] INFO  o.e.m.j.internal.DownloadSourcesJob - Downloaded sources for org.junit.platform:junit-platform-commons:1.9.2
2024-09-05 17:26:32,499 [Worker-22: Download sources and javadoc] INFO  o.e.m.c.i.e.AbstractTransferListenerAdapter - Downloading https://repo.maven.apache.org/maven2/org/junit/jupiter/junit-jupiter-api/5.9.2/junit-jupiter-api-5.9.2-sources.jar
2024-09-05 17:26:32,736 [Worker-22: Download sources and javadoc] INFO  o.e.m.c.i.e.AbstractTransferListenerAdapter - Downloaded https://repo.maven.apache.org/maven2/org/junit/jupiter/junit-jupiter-api/5.9.2/junit-jupiter-api-5.9.2-sources.jar
2024-09-05 17:26:32,741 [Worker-22: Download sources and javadoc] INFO  o.e.m.j.internal.DownloadSourcesJob - Downloaded sources for org.junit.jupiter:junit-jupiter-api:5.9.2
2024-09-05 17:26:32,882 [Worker-22: Download sources and javadoc] INFO  o.e.m.c.i.e.AbstractTransferListenerAdapter - Downloading https://repo.maven.apache.org/maven2/org/apiguardian/apiguardian-api/1.1.2/apiguardian-api-1.1.2-sources.jar
2024-09-05 17:26:32,995 [Worker-22: Download sources and javadoc] INFO  o.e.m.c.i.e.AbstractTransferListenerAdapter - Downloaded https://repo.maven.apache.org/maven2/org/apiguardian/apiguardian-api/1.1.2/apiguardian-api-1.1.2-sources.jar
2024-09-05 17:26:32,999 [Worker-22: Download sources and javadoc] INFO  o.e.m.j.internal.DownloadSourcesJob - Downloaded sources for org.apiguardian:apiguardian-api:1.1.2
2024-09-05 17:28:32,678 [Worker-25: Building] INFO  o.a.m.s.f.DefaultMavenResourcesFiltering - skip non existing resourceDirectory C:\Users\HF\Desktop\Subnets\subnet\src\main\resources
2024-09-05 17:28:32,691 [Worker-25: Building] INFO  o.a.m.s.f.DefaultMavenResourcesFiltering - skip non existing resourceDirectory C:\Users\HF\Desktop\Subnets\subnet\src\test\resources
2024-09-05 17:28:47,716 [Worker-25: Building] INFO  o.a.m.s.f.DefaultMavenResourcesFiltering - skip non existing resourceDirectory C:\Users\HF\Desktop\Subnets\subnet\src\main\resources
2024-09-05 17:28:47,719 [Worker-25: Building] INFO  o.a.m.s.f.DefaultMavenResourcesFiltering - skip non existing resourceDirectory C:\Users\HF\Desktop\Subnets\subnet\src\test\resources
2024-09-05 17:29:33,411 [Worker-25: Building] INFO  o.a.m.s.f.DefaultMavenResourcesFiltering - skip non existing resourceDirectory C:\Users\HF\Desktop\Subnets\subnet\src\main\resources
2024-09-05 17:29:33,415 [Worker-25: Building] INFO  o.a.m.s.f.DefaultMavenResourcesFiltering - skip non existing resourceDirectory C:\Users\HF\Desktop\Subnets\subnet\src\test\resources
2024-09-05 17:29:46,085 [Worker-26: Building] INFO  o.a.m.s.f.DefaultMavenResourcesFiltering - skip non existing resourceDirectory C:\Users\HF\Desktop\Subnets\subnet\src\main\resources
2024-09-05 17:29:46,100 [Worker-26: Building] INFO  o.a.m.s.f.DefaultMavenResourcesFiltering - skip non existing resourceDirectory C:\Users\HF\Desktop\Subnets\subnet\src\test\resources
2024-09-05 17:30:23,663 [Worker-25: Building] INFO  o.a.m.s.f.DefaultMavenResourcesFiltering - skip non existing resourceDirectory C:\Users\HF\Desktop\Subnets\subnet\src\main\resources
2024-09-05 17:30:23,679 [Worker-25: Building] INFO  o.a.m.s.f.DefaultMavenResourcesFiltering - skip non existing resourceDirectory C:\Users\HF\Desktop\Subnets\subnet\src\test\resources
2024-09-05 17:30:34,836 [Worker-26: Building] INFO  o.a.m.s.f.DefaultMavenResourcesFiltering - skip non existing resourceDirectory C:\Users\HF\Desktop\Subnets\subnet\src\main\resources
2024-09-05 17:30:34,838 [Worker-26: Building] INFO  o.a.m.s.f.DefaultMavenResourcesFiltering - skip non existing resourceDirectory C:\Users\HF\Desktop\Subnets\subnet\src\test\resources
2024-09-05 17:30:51,940 [Worker-4: Building] INFO  o.a.m.s.f.DefaultMavenResourcesFiltering - skip non existing resourceDirectory C:\Users\HF\Desktop\Subnets\subnet\src\main\resources
2024-09-05 17:30:51,946 [Worker-4: Building] INFO  o.a.m.s.f.DefaultMavenResourcesFiltering - skip non existing resourceDirectory C:\Users\HF\Desktop\Subnets\subnet\src\test\resources
2024-09-05 17:31:08,772 [Worker-25: Building] INFO  o.a.m.s.f.DefaultMavenResourcesFiltering - skip non existing resourceDirectory C:\Users\HF\Desktop\Subnets\subnet\src\main\resources
2024-09-05 17:31:08,772 [Worker-25: Building] INFO  o.a.m.s.f.DefaultMavenResourcesFiltering - skip non existing resourceDirectory C:\Users\HF\Desktop\Subnets\subnet\src\test\resources
2024-09-05 17:31:13,633 [Worker-27: Building] INFO  o.a.m.s.f.DefaultMavenResourcesFiltering - skip non existing resourceDirectory C:\Users\HF\Desktop\Subnets\subnet\src\main\resources
2024-09-05 17:31:13,635 [Worker-27: Building] INFO  o.a.m.s.f.DefaultMavenResourcesFiltering - skip non existing resourceDirectory C:\Users\HF\Desktop\Subnets\subnet\src\test\resources
2024-09-05 17:31:20,908 [Worker-4: Building] INFO  o.a.m.s.f.DefaultMavenResourcesFiltering - skip non existing resourceDirectory C:\Users\HF\Desktop\Subnets\subnet\src\main\resources
2024-09-05 17:31:20,910 [Worker-4: Building] INFO  o.a.m.s.f.DefaultMavenResourcesFiltering - skip non existing resourceDirectory C:\Users\HF\Desktop\Subnets\subnet\src\test\resources
2024-09-05 17:32:14,382 [Worker-25: Building] INFO  o.a.m.s.f.DefaultMavenResourcesFiltering - skip non existing resourceDirectory C:\Users\HF\Desktop\Subnets\subnet\src\main\resources
2024-09-05 17:32:14,397 [Worker-25: Building] INFO  o.a.m.s.f.DefaultMavenResourcesFiltering - skip non existing resourceDirectory C:\Users\HF\Desktop\Subnets\subnet\src\test\resources
2024-09-05 17:32:19,698 [Worker-29: Building] INFO  o.a.m.s.f.DefaultMavenResourcesFiltering - skip non existing resourceDirectory C:\Users\HF\Desktop\Subnets\subnet\src\main\resources
2024-09-05 17:32:19,699 [Worker-29: Building] INFO  o.a.m.s.f.DefaultMavenResourcesFiltering - skip non existing resourceDirectory C:\Users\HF\Desktop\Subnets\subnet\src\test\resources
2024-09-05 17:36:10,587 [Worker-23: Launching Application] INFO  o.a.m.s.f.DefaultMavenResourcesFiltering - skip non existing resourceDirectory C:\Users\HF\Desktop\Subnets\subnet\src\main\resources
2024-09-05 17:36:10,591 [Worker-23: Launching Application] INFO  o.a.m.s.f.DefaultMavenResourcesFiltering - skip non existing resourceDirectory C:\Users\HF\Desktop\Subnets\subnet\src\test\resources
2024-09-05 17:39:04,543 [Worker-32: Building] INFO  o.a.m.s.f.DefaultMavenResourcesFiltering - skip non existing resourceDirectory C:\Users\HF\Desktop\Subnets\subnet\src\main\resources
2024-09-05 17:39:04,545 [Worker-32: Building] INFO  o.a.m.s.f.DefaultMavenResourcesFiltering - skip non existing resourceDirectory C:\Users\HF\Desktop\Subnets\subnet\src\test\resources
2024-09-05 17:39:24,949 [Worker-31: Building] INFO  o.a.m.s.f.DefaultMavenResourcesFiltering - skip non existing resourceDirectory C:\Users\HF\Desktop\Subnets\subnet\src\main\resources
2024-09-05 17:39:24,952 [Worker-31: Building] INFO  o.a.m.s.f.DefaultMavenResourcesFiltering - skip non existing resourceDirectory C:\Users\HF\Desktop\Subnets\subnet\src\test\resources
2024-09-05 17:39:38,006 [Worker-32: Building] INFO  o.a.m.s.f.DefaultMavenResourcesFiltering - skip non existing resourceDirectory C:\Users\HF\Desktop\Subnets\subnet\src\main\resources
2024-09-05 17:39:38,006 [Worker-32: Building] INFO  o.a.m.s.f.DefaultMavenResourcesFiltering - skip non existing resourceDirectory C:\Users\HF\Desktop\Subnets\subnet\src\test\resources
2024-09-05 17:39:52,303 [Worker-32: Building] INFO  o.a.m.s.f.DefaultMavenResourcesFiltering - skip non existing resourceDirectory C:\Users\HF\Desktop\Subnets\subnet\src\main\resources
2024-09-05 17:39:52,305 [Worker-32: Building] INFO  o.a.m.s.f.DefaultMavenResourcesFiltering - skip non existing resourceDirectory C:\Users\HF\Desktop\Subnets\subnet\src\test\resources
2024-09-05 17:40:14,368 [Worker-28: Building] INFO  o.a.m.s.f.DefaultMavenResourcesFiltering - skip non existing resourceDirectory C:\Users\HF\Desktop\Subnets\subnet\src\main\resources
2024-09-05 17:40:14,368 [Worker-28: Building] INFO  o.a.m.s.f.DefaultMavenResourcesFiltering - skip non existing resourceDirectory C:\Users\HF\Desktop\Subnets\subnet\src\test\resources
2024-09-05 17:40:43,579 [Worker-28: Building] INFO  o.a.m.s.f.DefaultMavenResourcesFiltering - skip non existing resourceDirectory C:\Users\HF\Desktop\Subnets\subnet\src\main\resources
2024-09-05 17:40:43,582 [Worker-28: Building] INFO  o.a.m.s.f.DefaultMavenResourcesFiltering - skip non existing resourceDirectory C:\Users\HF\Desktop\Subnets\subnet\src\test\resources
